[40m[32minfo[39m[22m[49m: Microsoft.EntityFrameworkCore.Infrastructure[10403]
      Entity Framework Core 2.2.6-servicing-10079 initialized 'ContosoPetsContext' using provider 'Microsoft.EntityFrameworkCore.InMemory' with options: StoreName=ContosoPets 
[40m[32minfo[39m[22m[49m: Microsoft.EntityFrameworkCore.Update[30100]
      Saved 0 entities to in-memory store.
[40m[32minfo[39m[22m[49m: Microsoft.EntityFrameworkCore.Update[30100]
      Saved 2 entities to in-memory store.
[40m[32minfo[39m[22m[49m: Microsoft.AspNetCore.DataProtection.KeyManagement.XmlKeyManager[0]
      User profile is available. Using '/home/pablo_vicente/.aspnet/DataProtection-Keys' as key repository; keys will not be encrypted at rest.
Hosting environment: Development
Content root path: /home/pablo_vicente/contoso-pets/src/ContosoPets.Api
Now listening on: https://localhost:5001
Now listening on: http://localhost:5000
Application started. Press Ctrl+C to shut down.
[40m[32minfo[39m[22m[49m: Microsoft.AspNetCore.Hosting.Internal.WebHost[1]
      Request starting HTTP/1.1 GET https://localhost:5001/api/products  
[40m[32minfo[39m[22m[49m: Microsoft.AspNetCore.Routing.EndpointMiddleware[0]
      Executing endpoint 'ContosoPets.Api.Controllers.ProductsController.GetAll (ContosoPets.Api)'
[40m[32minfo[39m[22m[49m: Microsoft.AspNetCore.Mvc.Internal.ControllerActionInvoker[3]
      Route matched with {action = "GetAll", controller = "Products"}. Executing controller action with signature Microsoft.AspNetCore.Mvc.ActionResult`1[System.Collections.Generic.List`1[ContosoPets.Api.Models.Product]] GetAll() on controller ContosoPets.Api.Controllers.ProductsController (ContosoPets.Api).
[40m[32minfo[39m[22m[49m: Microsoft.AspNetCore.Mvc.Internal.ControllerActionInvoker[1]
      Executing action method ContosoPets.Api.Controllers.ProductsController.GetAll (ContosoPets.Api) - Validation state: Valid
[40m[32minfo[39m[22m[49m: Microsoft.EntityFrameworkCore.Infrastructure[10403]
      Entity Framework Core 2.2.6-servicing-10079 initialized 'ContosoPetsContext' using provider 'Microsoft.EntityFrameworkCore.InMemory' with options: StoreName=ContosoPets 
[40m[32minfo[39m[22m[49m: Microsoft.AspNetCore.Mvc.Internal.ControllerActionInvoker[2]
      Executed action method ContosoPets.Api.Controllers.ProductsController.GetAll (ContosoPets.Api), returned result Microsoft.AspNetCore.Mvc.ObjectResult in 51.1183ms.
[40m[32minfo[39m[22m[49m: Microsoft.AspNetCore.Mvc.Infrastructure.ObjectResultExecutor[1]
      Executing ObjectResult, writing value of type 'System.Collections.Generic.List`1[[ContosoPets.Api.Models.Product, ContosoPets.Api, Version=1.0.0.0, Culture=neutral, PublicKeyToken=null]]'.
[40m[32minfo[39m[22m[49m: Microsoft.AspNetCore.Mvc.Internal.ControllerActionInvoker[2]
      Executed action ContosoPets.Api.Controllers.ProductsController.GetAll (ContosoPets.Api) in 1226.8815ms
[40m[32minfo[39m[22m[49m: Microsoft.AspNetCore.Routing.EndpointMiddleware[1]
      Executed endpoint 'ContosoPets.Api.Controllers.ProductsController.GetAll (ContosoPets.Api)'
[40m[32minfo[39m[22m[49m: Microsoft.AspNetCore.Hosting.Internal.WebHost[2]
      Request finished in 1372.5161ms 200 application/json; charset=utf-8
[40m[32minfo[39m[22m[49m: Microsoft.AspNetCore.Hosting.Internal.WebHost[1]
      Request starting HTTP/1.1 POST https://localhost:5001/api/Products application/json 39
[40m[32minfo[39m[22m[49m: Microsoft.AspNetCore.Routing.EndpointMiddleware[0]
      Executing endpoint 'ContosoPets.Api.Controllers.ProductsController.Create (ContosoPets.Api)'
[40m[32minfo[39m[22m[49m: Microsoft.AspNetCore.Mvc.Internal.ControllerActionInvoker[3]
      Route matched with {action = "Create", controller = "Products"}. Executing controller action with signature System.Threading.Tasks.Task`1[Microsoft.AspNetCore.Mvc.ActionResult`1[ContosoPets.Api.Models.Product]] Create(ContosoPets.Api.Models.Product) on controller ContosoPets.Api.Controllers.ProductsController (ContosoPets.Api).
[40m[32minfo[39m[22m[49m: Microsoft.AspNetCore.Mvc.Internal.ControllerActionInvoker[1]
      Executing action method ContosoPets.Api.Controllers.ProductsController.Create (ContosoPets.Api) - Validation state: Valid
[40m[32minfo[39m[22m[49m: Microsoft.EntityFrameworkCore.Infrastructure[10403]
      Entity Framework Core 2.2.6-servicing-10079 initialized 'ContosoPetsContext' using provider 'Microsoft.EntityFrameworkCore.InMemory' with options: StoreName=ContosoPets 
[40m[32minfo[39m[22m[49m: Microsoft.EntityFrameworkCore.Update[30100]
      Saved 1 entities to in-memory store.
[40m[32minfo[39m[22m[49m: Microsoft.AspNetCore.Mvc.Internal.ControllerActionInvoker[2]
      Executed action method ContosoPets.Api.Controllers.ProductsController.Create (ContosoPets.Api), returned result Microsoft.AspNetCore.Mvc.CreatedAtActionResult in 8.2661ms.
[40m[32minfo[39m[22m[49m: Microsoft.AspNetCore.Mvc.Infrastructure.ObjectResultExecutor[1]
      Executing ObjectResult, writing value of type 'ContosoPets.Api.Models.Product'.
[40m[32minfo[39m[22m[49m: Microsoft.AspNetCore.Mvc.Internal.ControllerActionInvoker[2]
      Executed action ContosoPets.Api.Controllers.ProductsController.Create (ContosoPets.Api) in 200.3306ms
[40m[32minfo[39m[22m[49m: Microsoft.AspNetCore.Routing.EndpointMiddleware[1]
      Executed endpoint 'ContosoPets.Api.Controllers.ProductsController.Create (ContosoPets.Api)'
[40m[32minfo[39m[22m[49m: Microsoft.AspNetCore.Hosting.Internal.WebHost[2]
      Request finished in 223.7611ms 201 application/json; charset=utf-8
[40m[32minfo[39m[22m[49m: Microsoft.AspNetCore.Hosting.Internal.WebHost[1]
      Request starting HTTP/1.1 POST https://localhost:5001/api/Products application/json 38
[40m[32minfo[39m[22m[49m: Microsoft.AspNetCore.Routing.EndpointMiddleware[0]
      Executing endpoint 'ContosoPets.Api.Controllers.ProductsController.Create (ContosoPets.Api)'
[40m[32minfo[39m[22m[49m: Microsoft.AspNetCore.Mvc.Internal.ControllerActionInvoker[3]
      Route matched with {action = "Create", controller = "Products"}. Executing controller action with signature System.Threading.Tasks.Task`1[Microsoft.AspNetCore.Mvc.ActionResult`1[ContosoPets.Api.Models.Product]] Create(ContosoPets.Api.Models.Product) on controller ContosoPets.Api.Controllers.ProductsController (ContosoPets.Api).
[40m[32minfo[39m[22m[49m: Microsoft.AspNetCore.Mvc.Infrastructure.ObjectResultExecutor[1]
      Executing ObjectResult, writing value of type 'Microsoft.AspNetCore.Mvc.ValidationProblemDetails'.
[40m[32minfo[39m[22m[49m: Microsoft.AspNetCore.Mvc.Internal.ControllerActionInvoker[2]
      Executed action ContosoPets.Api.Controllers.ProductsController.Create (ContosoPets.Api) in 19.1738ms
[40m[32minfo[39m[22m[49m: Microsoft.AspNetCore.Routing.EndpointMiddleware[1]
      Executed endpoint 'ContosoPets.Api.Controllers.ProductsController.Create (ContosoPets.Api)'
[40m[32minfo[39m[22m[49m: Microsoft.AspNetCore.Hosting.Internal.WebHost[2]
      Request finished in 20.0444ms 400 application/problem+json; charset=utf-8
[40m[32minfo[39m[22m[49m: Microsoft.AspNetCore.Hosting.Internal.WebHost[1]
      Request starting HTTP/1.1 GET https://localhost:5001/api/Products/3  
[40m[32minfo[39m[22m[49m: Microsoft.AspNetCore.Routing.EndpointMiddleware[0]
      Executing endpoint 'ContosoPets.Api.Controllers.ProductsController.GetById (ContosoPets.Api)'
[40m[32minfo[39m[22m[49m: Microsoft.AspNetCore.Mvc.Internal.ControllerActionInvoker[3]
      Route matched with {action = "GetById", controller = "Products"}. Executing controller action with signature System.Threading.Tasks.Task`1[Microsoft.AspNetCore.Mvc.ActionResult`1[ContosoPets.Api.Models.Product]] GetById(Int64) on controller ContosoPets.Api.Controllers.ProductsController (ContosoPets.Api).
[40m[32minfo[39m[22m[49m: Microsoft.AspNetCore.Mvc.Internal.ControllerActionInvoker[1]
      Executing action method ContosoPets.Api.Controllers.ProductsController.GetById (ContosoPets.Api) - Validation state: Valid
[40m[32minfo[39m[22m[49m: Microsoft.EntityFrameworkCore.Infrastructure[10403]
      Entity Framework Core 2.2.6-servicing-10079 initialized 'ContosoPetsContext' using provider 'Microsoft.EntityFrameworkCore.InMemory' with options: StoreName=ContosoPets 
[40m[32minfo[39m[22m[49m: Microsoft.AspNetCore.Mvc.Internal.ControllerActionInvoker[2]
      Executed action method ContosoPets.Api.Controllers.ProductsController.GetById (ContosoPets.Api), returned result Microsoft.AspNetCore.Mvc.ObjectResult in 189.9443ms.
[40m[32minfo[39m[22m[49m: Microsoft.AspNetCore.Mvc.Infrastructure.ObjectResultExecutor[1]
      Executing ObjectResult, writing value of type 'ContosoPets.Api.Models.Product'.
[40m[32minfo[39m[22m[49m: Microsoft.AspNetCore.Mvc.Internal.ControllerActionInvoker[2]
      Executed action ContosoPets.Api.Controllers.ProductsController.GetById (ContosoPets.Api) in 191.2656ms
[40m[32minfo[39m[22m[49m: Microsoft.AspNetCore.Routing.EndpointMiddleware[1]
      Executed endpoint 'ContosoPets.Api.Controllers.ProductsController.GetById (ContosoPets.Api)'
[40m[32minfo[39m[22m[49m: Microsoft.AspNetCore.Hosting.Internal.WebHost[2]
      Request finished in 196.8882ms 200 application/json; charset=utf-8
[40m[32minfo[39m[22m[49m: Microsoft.AspNetCore.Hosting.Internal.WebHost[1]
      Request starting HTTP/1.1 PUT https://localhost:5001/api/Products/2 application/json 44
[40m[32minfo[39m[22m[49m: Microsoft.AspNetCore.Routing.EndpointMiddleware[0]
      Executing endpoint '405 HTTP Method Not Supported'
[40m[32minfo[39m[22m[49m: Microsoft.AspNetCore.Routing.EndpointMiddleware[1]
      Executed endpoint '405 HTTP Method Not Supported'
[40m[32minfo[39m[22m[49m: Microsoft.AspNetCore.Hosting.Internal.WebHost[2]
      Request finished in 2.0101ms 405 
[40m[32minfo[39m[22m[49m: Microsoft.AspNetCore.Server.Kestrel[32]
      Connection id "0HLQ4BQO5MMMK", Request id "0HLQ4BQO5MMMK:00000001": the application completed without reading the entire request body.
[40m[32minfo[39m[22m[49m: Microsoft.AspNetCore.Hosting.Internal.WebHost[1]
      Request starting HTTP/1.1 DELETE https://localhost:5001/api/Products/1  
[40m[32minfo[39m[22m[49m: Microsoft.AspNetCore.Routing.EndpointMiddleware[0]
      Executing endpoint 'ContosoPets.Api.Controllers.ProductsController.Delete (ContosoPets.Api)'
[40m[32minfo[39m[22m[49m: Microsoft.AspNetCore.Mvc.Internal.ControllerActionInvoker[3]
      Route matched with {action = "Delete", controller = "Products"}. Executing controller action with signature System.Threading.Tasks.Task`1[Microsoft.AspNetCore.Mvc.IActionResult] Delete(Int64) on controller ContosoPets.Api.Controllers.ProductsController (ContosoPets.Api).
[40m[32minfo[39m[22m[49m: Microsoft.AspNetCore.Mvc.Internal.ControllerActionInvoker[1]
      Executing action method ContosoPets.Api.Controllers.ProductsController.Delete (ContosoPets.Api) - Validation state: Valid
[40m[32minfo[39m[22m[49m: Microsoft.EntityFrameworkCore.Infrastructure[10403]
      Entity Framework Core 2.2.6-servicing-10079 initialized 'ContosoPetsContext' using provider 'Microsoft.EntityFrameworkCore.InMemory' with options: StoreName=ContosoPets 
[40m[32minfo[39m[22m[49m: Microsoft.AspNetCore.Mvc.Internal.ControllerActionInvoker[2]
      Executed action method ContosoPets.Api.Controllers.ProductsController.Delete (ContosoPets.Api), returned result Microsoft.AspNetCore.Mvc.NoContentResult in 3.9025ms.
[40m[32minfo[39m[22m[49m: Microsoft.AspNetCore.Mvc.StatusCodeResult[1]
      Executing HttpStatusCodeResult, setting HTTP status code 204
[40m[32minfo[39m[22m[49m: Microsoft.AspNetCore.Mvc.Internal.ControllerActionInvoker[2]
      Executed action ContosoPets.Api.Controllers.ProductsController.Delete (ContosoPets.Api) in 4.9294ms
[40m[32minfo[39m[22m[49m: Microsoft.AspNetCore.Routing.EndpointMiddleware[1]
      Executed endpoint 'ContosoPets.Api.Controllers.ProductsController.Delete (ContosoPets.Api)'
[40m[32minfo[39m[22m[49m: Microsoft.AspNetCore.Hosting.Internal.WebHost[2]
      Request finished in 15.3707ms 204 
[40m[32minfo[39m[22m[49m: Microsoft.AspNetCore.Hosting.Internal.WebHost[1]
      Request starting HTTP/1.1 GET https://localhost:5001/api/Products  
[40m[32minfo[39m[22m[49m: Microsoft.AspNetCore.Routing.EndpointMiddleware[0]
      Executing endpoint 'ContosoPets.Api.Controllers.ProductsController.GetAll (ContosoPets.Api)'
[40m[32minfo[39m[22m[49m: Microsoft.AspNetCore.Mvc.Internal.ControllerActionInvoker[3]
      Route matched with {action = "GetAll", controller = "Products"}. Executing controller action with signature Microsoft.AspNetCore.Mvc.ActionResult`1[System.Collections.Generic.List`1[ContosoPets.Api.Models.Product]] GetAll() on controller ContosoPets.Api.Controllers.ProductsController (ContosoPets.Api).
[40m[32minfo[39m[22m[49m: Microsoft.AspNetCore.Mvc.Internal.ControllerActionInvoker[1]
      Executing action method ContosoPets.Api.Controllers.ProductsController.GetAll (ContosoPets.Api) - Validation state: Valid
[40m[32minfo[39m[22m[49m: Microsoft.EntityFrameworkCore.Infrastructure[10403]
      Entity Framework Core 2.2.6-servicing-10079 initialized 'ContosoPetsContext' using provider 'Microsoft.EntityFrameworkCore.InMemory' with options: StoreName=ContosoPets 
[40m[32minfo[39m[22m[49m: Microsoft.AspNetCore.Mvc.Internal.ControllerActionInvoker[2]
      Executed action method ContosoPets.Api.Controllers.ProductsController.GetAll (ContosoPets.Api), returned result Microsoft.AspNetCore.Mvc.ObjectResult in 0.7445ms.
[40m[32minfo[39m[22m[49m: Microsoft.AspNetCore.Mvc.Infrastructure.ObjectResultExecutor[1]
      Executing ObjectResult, writing value of type 'System.Collections.Generic.List`1[[ContosoPets.Api.Models.Product, ContosoPets.Api, Version=1.0.0.0, Culture=neutral, PublicKeyToken=null]]'.
[40m[32minfo[39m[22m[49m: Microsoft.AspNetCore.Mvc.Internal.ControllerActionInvoker[2]
      Executed action ContosoPets.Api.Controllers.ProductsController.GetAll (ContosoPets.Api) in 1.4494ms
[40m[32minfo[39m[22m[49m: Microsoft.AspNetCore.Routing.EndpointMiddleware[1]
      Executed endpoint 'ContosoPets.Api.Controllers.ProductsController.GetAll (ContosoPets.Api)'
[40m[32minfo[39m[22m[49m: Microsoft.AspNetCore.Hosting.Internal.WebHost[2]
      Request finished in 1.8942ms 200 application/json; charset=utf-8
